TN:
SF:app.js
FN:17,(anonymous_0)
FN:23,(anonymous_1)
FNF:2
FNH:1
FNDA:0,(anonymous_0)
FNDA:3,(anonymous_1)
DA:3,1
DA:4,1
DA:5,1
DA:7,1
DA:9,1
DA:10,1
DA:12,1
DA:13,1
DA:17,1
DA:18,0
DA:19,0
DA:23,1
DA:24,3
DA:26,3
DA:32,1
LF:15
LH:13
BRDA:24,0,0,3
BRDA:24,0,1,0
BRF:2
BRH:1
end_of_record
TN:
SF:db.js
FNF:0
FNH:0
DA:3,1
DA:7,1
DA:8,1
DA:10,0
DA:13,1
DA:17,1
DA:19,1
LF:7
LH:6
BRDA:7,0,0,1
BRDA:7,0,1,0
BRF:2
BRH:1
end_of_record
TN:
SF:expressError.js
FN:8,(anonymous_0)
FNF:1
FNH:1
FNDA:3,(anonymous_0)
DA:9,3
DA:10,3
DA:11,3
DA:12,3
DA:17,1
LF:5
LH:5
BRF:0
BRH:0
end_of_record
TN:
SF:routes\companies.js
FN:7,(anonymous_0)
FN:17,(anonymous_1)
FN:36,(anonymous_2)
FN:49,(anonymous_3)
FN:68,(anonymous_4)
FNF:5
FNH:5
FNDA:1,(anonymous_0)
FNDA:2,(anonymous_1)
FNDA:1,(anonymous_2)
FNDA:2,(anonymous_3)
FNDA:2,(anonymous_4)
DA:1,1
DA:2,1
DA:3,1
DA:4,1
DA:7,1
DA:8,1
DA:9,1
DA:10,1
DA:12,0
DA:17,1
DA:18,2
DA:19,2
DA:20,2
DA:23,2
DA:24,1
DA:27,1
DA:29,1
DA:32,1
DA:36,1
DA:37,1
DA:38,1
DA:39,1
DA:43,1
DA:45,0
DA:49,1
DA:50,2
DA:51,2
DA:52,2
DA:53,2
DA:58,2
DA:59,1
DA:62,1
DA:64,1
DA:68,1
DA:69,2
DA:70,2
DA:71,2
DA:74,2
DA:75,1
DA:78,1
DA:80,1
DA:84,1
LF:42
LH:40
BRDA:23,0,0,1
BRDA:23,0,1,1
BRDA:58,1,0,1
BRDA:58,1,1,1
BRDA:74,2,0,1
BRDA:74,2,1,1
BRF:6
BRH:6
end_of_record
TN:
SF:routes\invoices.js
FN:10,(anonymous_0)
FN:19,(anonymous_1)
FN:35,(anonymous_2)
FN:50,(anonymous_3)
FN:68,(anonymous_4)
FNF:5
FNH:0
FNDA:0,(anonymous_0)
FNDA:0,(anonymous_1)
FNDA:0,(anonymous_2)
FNDA:0,(anonymous_3)
FNDA:0,(anonymous_4)
DA:1,1
DA:2,1
DA:3,1
DA:4,1
DA:10,1
DA:11,0
DA:12,0
DA:13,0
DA:15,0
DA:19,1
DA:20,0
DA:21,0
DA:23,0
DA:24,0
DA:28,0
DA:31,0
DA:35,1
DA:36,0
DA:37,0
DA:38,0
DA:39,0
DA:40,0
DA:42,0
DA:45,0
DA:50,1
DA:51,0
DA:52,0
DA:53,0
DA:54,0
DA:56,0
DA:57,0
DA:60,0
DA:63,0
DA:68,1
DA:69,0
DA:70,0
DA:71,0
DA:73,0
DA:74,0
DA:77,0
DA:80,0
DA:93,1
LF:42
LH:10
BRDA:23,0,0,0
BRDA:23,0,1,0
BRDA:39,1,0,0
BRDA:39,1,1,0
BRDA:56,2,0,0
BRDA:56,2,1,0
BRDA:73,3,0,0
BRDA:73,3,1,0
BRF:8
BRH:0
end_of_record
